{"C:\\Users\\a.kuchyk\\Documents\\React\\to-do-app\\src\\app\\filtersEnum.js": {"path":"C:\\Users\\a.kuchyk\\Documents\\React\\to-do-app\\src\\app\\filtersEnum.js","statementMap":{"0":{"start":{"line":1,"column":16},"end":{"line":5,"column":1}}},"fnMap":{},"branchMap":{},"s":{"0":0},"f":{},"b":{}}
,"C:\\Users\\a.kuchyk\\Documents\\React\\to-do-app\\src\\features\\ToDoList\\ToDoList.js": {"path":"C:\\Users\\a.kuchyk\\Documents\\React\\to-do-app\\src\\features\\ToDoList\\ToDoList.js","statementMap":{"0":{"start":{"line":12,"column":17},"end":{"line":59,"column":1}},"1":{"start":{"line":13,"column":19},"end":{"line":13,"column":32}},"2":{"start":{"line":14,"column":19},"end":{"line":14,"column":46}},"3":{"start":{"line":15,"column":17},"end":{"line":15,"column":62}},"4":{"start":{"line":15,"column":40},"end":{"line":15,"column":61}},"5":{"start":{"line":17,"column":2},"end":{"line":21,"column":25}},"6":{"start":{"line":18,"column":4},"end":{"line":20,"column":5}},"7":{"start":{"line":19,"column":6},"end":{"line":19,"column":32}},"8":{"start":{"line":23,"column":20},"end":{"line":31,"column":3}},"9":{"start":{"line":24,"column":26},"end":{"line":24,"column":58}},"10":{"start":{"line":25,"column":26},"end":{"line":25,"column":63}},"11":{"start":{"line":26,"column":30},"end":{"line":29,"column":5}},"12":{"start":{"line":30,"column":4},"end":{"line":30,"column":45}},"13":{"start":{"line":33,"column":2},"end":{"line":58,"column":4}},"14":{"start":{"line":39,"column":14},"end":{"line":50,"column":19}},"15":{"start":{"line":41,"column":18},"end":{"line":47,"column":20}}},"fnMap":{"0":{"name":"(anonymous_0)","decl":{"start":{"line":12,"column":17},"end":{"line":12,"column":18}},"loc":{"start":{"line":12,"column":23},"end":{"line":59,"column":1}},"line":12},"1":{"name":"(anonymous_1)","decl":{"start":{"line":15,"column":29},"end":{"line":15,"column":30}},"loc":{"start":{"line":15,"column":40},"end":{"line":15,"column":61}},"line":15},"2":{"name":"(anonymous_2)","decl":{"start":{"line":17,"column":12},"end":{"line":17,"column":13}},"loc":{"start":{"line":17,"column":18},"end":{"line":21,"column":3}},"line":17},"3":{"name":"(anonymous_3)","decl":{"start":{"line":23,"column":20},"end":{"line":23,"column":21}},"loc":{"start":{"line":23,"column":32},"end":{"line":31,"column":3}},"line":23},"4":{"name":"(anonymous_4)","decl":{"start":{"line":38,"column":13},"end":{"line":38,"column":14}},"loc":{"start":{"line":39,"column":14},"end":{"line":50,"column":19}},"line":39},"5":{"name":"(anonymous_5)","decl":{"start":{"line":40,"column":30},"end":{"line":40,"column":31}},"loc":{"start":{"line":41,"column":18},"end":{"line":47,"column":20}},"line":41}},"branchMap":{"0":{"loc":{"start":{"line":18,"column":4},"end":{"line":20,"column":5}},"type":"if","locations":[{"start":{"line":18,"column":4},"end":{"line":20,"column":5}},{"start":{},"end":{}}],"line":18},"1":{"loc":{"start":{"line":35,"column":7},"end":{"line":54,"column":7}},"type":"binary-expr","locations":[{"start":{"line":35,"column":7},"end":{"line":35,"column":28}},{"start":{"line":36,"column":8},"end":{"line":53,"column":26}}],"line":35},"2":{"loc":{"start":{"line":55,"column":7},"end":{"line":55,"column":59}},"type":"binary-expr","locations":[{"start":{"line":55,"column":7},"end":{"line":55,"column":28}},{"start":{"line":55,"column":32},"end":{"line":55,"column":59}}],"line":55}},"s":{"0":0,"1":0,"2":0,"3":0,"4":0,"5":0,"6":0,"7":0,"8":0,"9":0,"10":0,"11":0,"12":0,"13":0,"14":0,"15":0},"f":{"0":0,"1":0,"2":0,"3":0,"4":0,"5":0},"b":{"0":[0,0],"1":[0,0],"2":[0,0]}}
}
