{"C:\\Users\\a.kuchyk\\Documents\\React\\to-do-app\\src\\App.js": {"path":"C:\\Users\\a.kuchyk\\Documents\\React\\to-do-app\\src\\App.js","statementMap":{"0":{"start":{"line":8,"column":2},"end":{"line":14,"column":4}}},"fnMap":{"0":{"name":"App","decl":{"start":{"line":7,"column":9},"end":{"line":7,"column":12}},"loc":{"start":{"line":7,"column":15},"end":{"line":15,"column":1}},"line":7}},"branchMap":{},"s":{"0":1},"f":{"0":1},"b":{},"_coverageSchema":"1a1c01bbd47fc00a2c39e90264f33305004495a9","hash":"fb7ced298c6d1c1017566e3db3ed4c9366fab4be"}
,"C:\\Users\\a.kuchyk\\Documents\\React\\to-do-app\\src\\app\\store.js": {"path":"C:\\Users\\a.kuchyk\\Documents\\React\\to-do-app\\src\\app\\store.js","statementMap":{},"fnMap":{},"branchMap":{},"s":{},"f":{},"b":{},"_coverageSchema":"1a1c01bbd47fc00a2c39e90264f33305004495a9","hash":"099ed8d48dc8d81b5de8ad036cf575da3bcd6541"}
,"C:\\Users\\a.kuchyk\\Documents\\React\\to-do-app\\src\\components\\Card.js": {"path":"C:\\Users\\a.kuchyk\\Documents\\React\\to-do-app\\src\\components\\Card.js","statementMap":{"0":{"start":{"line":5,"column":13},"end":{"line":7,"column":1}},"1":{"start":{"line":6,"column":4},"end":{"line":6,"column":80}},"2":{"start":{"line":9,"column":0},"end":{"line":12,"column":2}}},"fnMap":{"0":{"name":"(anonymous_0)","decl":{"start":{"line":5,"column":13},"end":{"line":5,"column":14}},"loc":{"start":{"line":6,"column":4},"end":{"line":6,"column":80}},"line":6}},"branchMap":{},"s":{"0":4,"1":5,"2":4},"f":{"0":5},"b":{},"_coverageSchema":"1a1c01bbd47fc00a2c39e90264f33305004495a9","hash":"10f5dd129d1b0afb4a1478b69ff602a9d3d4a68b"}
,"C:\\Users\\a.kuchyk\\Documents\\React\\to-do-app\\src\\components\\Header.js": {"path":"C:\\Users\\a.kuchyk\\Documents\\React\\to-do-app\\src\\components\\Header.js","statementMap":{"0":{"start":{"line":5,"column":15},"end":{"line":9,"column":1}},"1":{"start":{"line":6,"column":4},"end":{"line":8,"column":13}}},"fnMap":{"0":{"name":"(anonymous_0)","decl":{"start":{"line":5,"column":15},"end":{"line":5,"column":16}},"loc":{"start":{"line":6,"column":4},"end":{"line":8,"column":13}},"line":6}},"branchMap":{},"s":{"0":2,"1":2},"f":{"0":2},"b":{},"_coverageSchema":"1a1c01bbd47fc00a2c39e90264f33305004495a9","hash":"996f9b823e9e231f867211415699e6db0d20f608"}
,"C:\\Users\\a.kuchyk\\Documents\\React\\to-do-app\\src\\features\\ToDoFooter\\ToDoFooter.js": {"path":"C:\\Users\\a.kuchyk\\Documents\\React\\to-do-app\\src\\features\\ToDoFooter\\ToDoFooter.js","statementMap":{"0":{"start":{"line":8,"column":19},"end":{"line":24,"column":1}},"1":{"start":{"line":9,"column":19},"end":{"line":9,"column":32}},"2":{"start":{"line":11,"column":2},"end":{"line":23,"column":4}},"3":{"start":{"line":18,"column":23},"end":{"line":18,"column":53}},"4":{"start":{"line":26,"column":0},"end":{"line":28,"column":2}}},"fnMap":{"0":{"name":"(anonymous_0)","decl":{"start":{"line":8,"column":19},"end":{"line":8,"column":20}},"loc":{"start":{"line":8,"column":40},"end":{"line":24,"column":1}},"line":8},"1":{"name":"(anonymous_1)","decl":{"start":{"line":18,"column":17},"end":{"line":18,"column":18}},"loc":{"start":{"line":18,"column":23},"end":{"line":18,"column":53}},"line":18}},"branchMap":{},"s":{"0":3,"1":3,"2":3,"3":0,"4":3},"f":{"0":3,"1":0},"b":{},"_coverageSchema":"1a1c01bbd47fc00a2c39e90264f33305004495a9","hash":"9a86e50aacd7adf7db87bbb9afb2802ad3c9b87f"}
,"C:\\Users\\a.kuchyk\\Documents\\React\\to-do-app\\src\\features\\ToDoForm\\AddToDoForm.js": {"path":"C:\\Users\\a.kuchyk\\Documents\\React\\to-do-app\\src\\features\\ToDoForm\\AddToDoForm.js","statementMap":{"0":{"start":{"line":8,"column":20},"end":{"line":53,"column":1}},"1":{"start":{"line":9,"column":26},"end":{"line":9,"column":38}},"2":{"start":{"line":10,"column":19},"end":{"line":10,"column":32}},"3":{"start":{"line":12,"column":24},"end":{"line":12,"column":54}},"4":{"start":{"line":12,"column":31},"end":{"line":12,"column":54}},"5":{"start":{"line":14,"column":18},"end":{"line":14,"column":73}},"6":{"start":{"line":16,"column":28},"end":{"line":26,"column":3}},"7":{"start":{"line":17,"column":4},"end":{"line":25,"column":5}},"8":{"start":{"line":18,"column":6},"end":{"line":24,"column":7}},"9":{"start":{"line":19,"column":29},"end":{"line":19,"column":61}},"10":{"start":{"line":20,"column":8},"end":{"line":20,"column":35}},"11":{"start":{"line":21,"column":8},"end":{"line":21,"column":20}},"12":{"start":{"line":23,"column":8},"end":{"line":23,"column":54}},"13":{"start":{"line":28,"column":2},"end":{"line":52,"column":4}}},"fnMap":{"0":{"name":"(anonymous_0)","decl":{"start":{"line":8,"column":20},"end":{"line":8,"column":21}},"loc":{"start":{"line":8,"column":26},"end":{"line":53,"column":1}},"line":8},"1":{"name":"(anonymous_1)","decl":{"start":{"line":12,"column":24},"end":{"line":12,"column":25}},"loc":{"start":{"line":12,"column":31},"end":{"line":12,"column":54}},"line":12},"2":{"name":"(anonymous_2)","decl":{"start":{"line":16,"column":28},"end":{"line":16,"column":29}},"loc":{"start":{"line":16,"column":40},"end":{"line":26,"column":3}},"line":16}},"branchMap":{"0":{"loc":{"start":{"line":14,"column":20},"end":{"line":14,"column":72}},"type":"binary-expr","locations":[{"start":{"line":14,"column":20},"end":{"line":14,"column":44}},{"start":{"line":14,"column":48},"end":{"line":14,"column":72}}],"line":14},"1":{"loc":{"start":{"line":17,"column":4},"end":{"line":25,"column":5}},"type":"if","locations":[{"start":{"line":17,"column":4},"end":{"line":25,"column":5}},{"start":{},"end":{}}],"line":17}},"s":{"0":2,"1":2,"2":2,"3":2,"4":0,"5":2,"6":2,"7":0,"8":0,"9":0,"10":0,"11":0,"12":0,"13":2},"f":{"0":2,"1":0,"2":0},"b":{"0":[2,2],"1":[0,0]},"_coverageSchema":"1a1c01bbd47fc00a2c39e90264f33305004495a9","hash":"5115f0d9428805f1d19654f0c119589fcb18cd7f"}
,"C:\\Users\\a.kuchyk\\Documents\\React\\to-do-app\\src\\features\\ToDoList\\ToDoList.js": {"path":"C:\\Users\\a.kuchyk\\Documents\\React\\to-do-app\\src\\features\\ToDoList\\ToDoList.js","statementMap":{"0":{"start":{"line":12,"column":17},"end":{"line":59,"column":1}},"1":{"start":{"line":13,"column":19},"end":{"line":13,"column":32}},"2":{"start":{"line":14,"column":19},"end":{"line":14,"column":46}},"3":{"start":{"line":15,"column":17},"end":{"line":15,"column":62}},"4":{"start":{"line":15,"column":40},"end":{"line":15,"column":61}},"5":{"start":{"line":17,"column":2},"end":{"line":21,"column":25}},"6":{"start":{"line":18,"column":4},"end":{"line":20,"column":5}},"7":{"start":{"line":19,"column":6},"end":{"line":19,"column":32}},"8":{"start":{"line":23,"column":20},"end":{"line":31,"column":3}},"9":{"start":{"line":24,"column":26},"end":{"line":24,"column":58}},"10":{"start":{"line":25,"column":26},"end":{"line":25,"column":63}},"11":{"start":{"line":26,"column":30},"end":{"line":29,"column":5}},"12":{"start":{"line":30,"column":4},"end":{"line":30,"column":45}},"13":{"start":{"line":33,"column":2},"end":{"line":58,"column":4}},"14":{"start":{"line":39,"column":14},"end":{"line":50,"column":19}},"15":{"start":{"line":41,"column":18},"end":{"line":47,"column":20}}},"fnMap":{"0":{"name":"(anonymous_0)","decl":{"start":{"line":12,"column":17},"end":{"line":12,"column":18}},"loc":{"start":{"line":12,"column":23},"end":{"line":59,"column":1}},"line":12},"1":{"name":"(anonymous_1)","decl":{"start":{"line":15,"column":29},"end":{"line":15,"column":30}},"loc":{"start":{"line":15,"column":40},"end":{"line":15,"column":61}},"line":15},"2":{"name":"(anonymous_2)","decl":{"start":{"line":17,"column":12},"end":{"line":17,"column":13}},"loc":{"start":{"line":17,"column":18},"end":{"line":21,"column":3}},"line":17},"3":{"name":"(anonymous_3)","decl":{"start":{"line":23,"column":20},"end":{"line":23,"column":21}},"loc":{"start":{"line":23,"column":32},"end":{"line":31,"column":3}},"line":23},"4":{"name":"(anonymous_4)","decl":{"start":{"line":38,"column":13},"end":{"line":38,"column":14}},"loc":{"start":{"line":39,"column":14},"end":{"line":50,"column":19}},"line":39},"5":{"name":"(anonymous_5)","decl":{"start":{"line":40,"column":30},"end":{"line":40,"column":31}},"loc":{"start":{"line":41,"column":18},"end":{"line":47,"column":20}},"line":41}},"branchMap":{"0":{"loc":{"start":{"line":18,"column":4},"end":{"line":20,"column":5}},"type":"if","locations":[{"start":{"line":18,"column":4},"end":{"line":20,"column":5}},{"start":{},"end":{}}],"line":18},"1":{"loc":{"start":{"line":35,"column":7},"end":{"line":54,"column":7}},"type":"binary-expr","locations":[{"start":{"line":35,"column":7},"end":{"line":35,"column":28}},{"start":{"line":36,"column":8},"end":{"line":53,"column":26}}],"line":35},"2":{"loc":{"start":{"line":55,"column":7},"end":{"line":55,"column":59}},"type":"binary-expr","locations":[{"start":{"line":55,"column":7},"end":{"line":55,"column":28}},{"start":{"line":55,"column":32},"end":{"line":55,"column":59}}],"line":55}},"s":{"0":2,"1":2,"2":2,"3":2,"4":2,"5":2,"6":0,"7":0,"8":2,"9":0,"10":0,"11":0,"12":0,"13":2,"14":0,"15":0},"f":{"0":2,"1":2,"2":0,"3":0,"4":0,"5":0},"b":{"0":[0,0],"1":[2,0],"2":[2,2]},"_coverageSchema":"1a1c01bbd47fc00a2c39e90264f33305004495a9","hash":"417c88fdcfcf32db125bd543bea675dcccb39240"}
}
